[EOS]INFO  2016-07-26 21:44:50,108 - Bad input type: "email", creating a text input
[EOS]INFO  2016-07-26 21:44:50,114 - Bad input type: "email", creating a text input
[EOS]INFO  2016-07-26 21:44:53,054 - Bad input type: "email", creating a text input
[EOS]INFO  2016-07-26 21:44:53,058 - Bad input type: "email", creating a text input
[EOS]INFO  2016-07-26 21:45:14,295 - Bad input type: "email", creating a text input
[EOS]INFO  2016-07-26 21:45:14,320 - Bad input type: "email", creating a text input
[EOS]INFO  2016-07-26 21:45:50,376 - Bad input type: "email", creating a text input
[EOS]INFO  2016-07-26 21:45:50,406 - Bad input type: "email", creating a text input
[EOS]INFO  2016-07-26 21:45:56,722 - Bad input type: "email", creating a text input
[EOS]INFO  2016-07-26 21:45:56,723 - Bad input type: "email", creating a text input
[EOS]INFO  2016-07-26 21:46:20,169 - Bad input type: "input", creating a text input
[EOS]INFO  2016-07-26 21:46:28,094 - statusCode=[404] contentType=[text/html]
[EOS]INFO  2016-07-26 21:46:28,095 - <!DOCTYPE html>
<html>
  <head>
    <!-- meta information -->
<meta charset="utf-8">
<meta name="description" 
      content="      {% include head.html %}              404              Did You steal the content from me? No?! Well, somebody di..." >
<meta name="author" content="Dr. Rutu Mulkar-Mehta">

<!-- Enable responsiveness on mobile devices-->
<meta name="viewport" content="width=device-width, initial-scale=1.0, maximum-scale=1">

<!-- title -->
<title>Limbo &middot; Dr. Rutu Mulkar-Mehta</title>

<!-- icons -->
<link rel="shortcut icon" href="/public/images/favicon.ico" />

<!-- stylesheets -->
<link rel="stylesheet" href="/public/css/responsive.gs.12col.css">
<link rel="stylesheet" href="/public/css/animate.min.css">
<link rel="stylesheet" href="/public/css/main.css">

<!-- Google fonts -->
<link rel="stylesheet" href="http://fonts.googleapis.com/css?family=Source+Sans+Pro:400,700,400italic&subset=latin-ext">



<!-- feed links -->
<link rel="alternate" href="/feed.xml" type="application/rss+xml" title="">

  </head>
  <body>
    <div class="container not-found">
      <h1 class="bounceInDown animated">404</h1>
      <p>
        Did You steal the content from me? No?! Well, somebody did, and you're the only one here.
      </p>
    </div>
  </body>
</html>

[EOS]INFO  2016-07-26 21:46:54,067 - Bad input type: "email", creating a text input
